make all --print-data-base --no-builtin-variables --no-builtin-rules --question
make: *** No rule to make target 'srcs/actions.o', needed by 'so_long'.  Stop.

# GNU Make 4.2.1
 
# Built for x86_64-pc-linux-gnu
 
# Copyright (C) 1988-2016 Free Software Foundation, Inc.
 
# License GPLv3+: GNU GPL version 3 or later <http://gnu.org/licenses/gpl.html>
 
# This is free software: you are free to change and redistribute it.
# There is NO WARRANTY, to the extent permitted by law.

# Make data base, printed on Fri Jun  3 15:28:56 2022

# Variables

# 'override' directive
GNUMAKEFLAGS := 
# automatic
<D = $(patsubst %/,%,$(dir $<))
# automatic
?F = $(notdir $?)
# environment
PAPERSIZE = a4
# environment
DESKTOP_SESSION = ubuntu
# default
.SHELLFLAGS := -c
# environment
XDG_SESSION_CLASS = user
# environment
XDG_SESSION_TYPE = x11
# environment
VSCODE_LOG_NATIVE = false
# automatic
?D = $(patsubst %/,%,$(dir $?))
# environment
IM_CONFIG_PHASE = 1
# makefile (from 'Makefile', line 25)
LIB_LINUX = -Lminilibx-linux  -lmlx -lz -lXext -lX11
# automatic
@D = $(patsubst %/,%,$(dir $@))
# environment
XAUTHORITY = /run/user/1000/gdm/Xauthority
# environment
GDMSESSION = ubuntu
# environment
XMODIFIERS = @im=ibus
# makefile
CURDIR := /home/tj/Documents/42/so_long
# makefile
SHELL = /bin/sh
# makefile (from 'Makefile', line 35)
RM = rm -f
# environment
VSCODE_NLS_CONFIG = {"locale":"ja","availableLanguages":{"*":"ja"},"_languagePackId":"f5b8523d60216379ef9ba6dc243eb093.ja","_translationsConfigFile":"/home/tj/.config/Code/clp/f5b8523d60216379ef9ba6dc243eb093.ja/tcf.json","_cacheRoot":"/home/tj/.config/Code/clp/f5b8523d60216379ef9ba6dc243eb093.ja","_resolvedLanguagePackCoreLocation":"/home/tj/.config/Code/clp/f5b8523d60216379ef9ba6dc243eb093.ja/c3511e6c69bb39013c4a4b7b9566ec1ca73fc4d5","_corruptedFile":"/home/tj/.config/Code/clp/f5b8523d60216379ef9ba6dc243eb093.ja/corrupted.info","_languagePackSupport":true}
# environment
_ = /usr/bin/dbus-update-activation-environment
# makefile (from 'Makefile', line 37)
CFLAGS = -Wall -Wextra -Werror -g3 -fsanitize=address 
# environment
JOURNAL_STREAM = 8:49120
# environment
XDG_CONFIG_DIRS = /etc/xdg/xdg-ubuntu:/etc/xdg
# makefile (from 'Makefile', line 1)
MAKEFILE_LIST :=  Makefile
# automatic
@F = $(notdir $@)
# environment
GIO_LAUNCHED_DESKTOP_FILE = /usr/share/applications/code.desktop
# environment
USERNAME = tj
# environment
MAKELEVEL := 0
# environment
XDG_DATA_DIRS = /usr/share/ubuntu:/usr/local/share/:/usr/share/:/var/lib/snapd/desktop
# environment
DBUS_SESSION_BUS_ADDRESS = unix:path=/run/user/1000/bus
# environment
VSCODE_VERBOSE_LOGGING = true
# makefile (from 'Makefile', line 21)
OBJS = $(SRCS:.c=.o)
# environment
MANAGERPID = 2085
# environment
VSCODE_IPC_HOOK_EXTHOST = /run/user/1000/vscode-ipc-bf151114-8cb4-4c05-8f6c-aa02de0fa9ac.sock
# environment
LC_NAME = fr_FR.UTF-8
# environment
VSCODE_CWD = /home/tj
# default
MAKE_HOST := x86_64-pc-linux-gnu
# environment
PATH = /home/tj/.local/bin:/usr/local/sbin:/usr/local/bin:/usr/sbin:/usr/bin:/sbin:/bin:/usr/games:/usr/local/games:/snap/bin:/home/tj/.dotnet/tools
# environment
GPG_AGENT_INFO = /run/user/1000/gnupg/S.gpg-agent:0:1
# environment
GJS_DEBUG_OUTPUT = stderr
# environment
SESSION_MANAGER = local/tj-MacBookPro:@/tmp/.ICE-unix/2303,unix/tj-MacBookPro:/tmp/.ICE-unix/2303
# environment
 
XDG_RUNTIME_DIR = /run/user/1000
# environment
XDG_MENU_PREFIX = gnome-
# environment
VSCODE_LOG_STACK = false
# environment
ELECTRON_RUN_AS_NODE = 1
# environment
INVOCATION_ID = d1752c82695248caa66c57a3ecb15c60
# default
.FEATURES := target-specific order-only second-expansion else-if shortest-stem undefine oneshell archives jobserver output-sync check-symlink load
# environment
XDG_SESSION_DESKTOP = ubuntu
# environment
SSH_AUTH_SOCK = /run/user/1000/keyring/ssh
# environment
GIO_LAUNCHED_DESKTOP_FILE_PID = 2780
# automatic
%F = $(notdir $%)
# environment
DISPLAY = :0
# environment
VSCODE_PIPE_LOGGING = true
# environment
PWD = /home/tj/Documents/42/so_long
# default
.LOADED := 
# environment
SSH_AGENT_PID = 2264
# environment
ORIGINAL_XDG_CURRENT_DESKTOP = ubuntu:GNOME
# environment
GTK_MODULES = gail:atk-bridge
# environment
VSCODE_AMD_ENTRYPOINT = vs/workbench/api/node/extensionHostProcess
# environment
HOME = /home/tj
# environment
VSCODE_CODE_CACHE_PATH = /home/tj/.config/Code/CachedData/c3511e6c69bb39013c4a4b7b9566ec1ca73fc4d5
# environment
LOGNAME = tj
# environment
APPLICATION_INSIGHTS_NO_DIAGNOSTIC_CHANNEL = 1
# automatic
+F = $(notdir $+)
# environment
VSCODE_HANDLES_UNCAUGHT_ERRORS = true
# environment
GNOME_DESKTOP_SESSION_ID = this-is-deprecated
# automatic
^D = $(patsubst %/,%,$(dir $^))
# environment
LC_TIME = fr_FR.UTF-8
# default
MAKE = $(MAKE_COMMAND)
# default
MAKECMDGOALS := all
# environment
QT_IM_MODULE = ibus
# makefile (from 'Makefile', line 15)
SRCS = main.c create_trgb.c ./srcs/key_hook.c ./srcs/error_message.c ./srcs/actions.c 
# environment
SHLVL = 0
# makefile (from 'Makefile', line 29)
LIBFT = ./libft/
# makefile (from 'Makefile', line 33)
CC = gcc
# environment
GNOME_SHELL_SESSION_MODE = ubuntu
# default
MAKE_VERSION := 4.2.1
# environment
USER = tj
# environment
LC_MONETARY = fr_FR.UTF-8
# makefile
.DEFAULT_GOAL := so_long
# environment
XDG_CURRENT_DESKTOP = Unity
# makefile (from 'Makefile', line 13)
NAME = so_long
# automatic
%D = $(patsubst %/,%,$(dir $%))
# environment
LC_TELEPHONE = fr_FR.UTF-8
# default
MAKE_COMMAND := make
# default
.VARIABLES := 
# automatic
*F = $(notdir $*)
# environment
LANGUAGE = en_US:en
# environment
VSCODE_IPC_HOOK = /run/user/1000/vscode-ad2a177a-1.67.2-main.sock
# makefile
MAKEFLAGS = pqrR
# environment
MFLAGS = -pqrR
# automatic
*D = $(patsubst %/,%,$(dir $*))
# automatic
+D = $(patsubst %/,%,$(dir $+))
# environment
GDK_BACKEND = x11
# makefile (from 'Makefile', line 31)
LIBFT_A = ./libft/libft.a
# environment
LC_PAPER = fr_FR.UTF-8
# makefile (from 'Makefile', line 27)
MLX_LINUX = ./minilibx-linux/
# environment
QT_ACCESSIBILITY = 1
# default
MAKEFILES := 
# environment
LC_NUMERIC = fr_FR.UTF-8
# automatic
<F = $(notdir $<)
# environment
LC_MEASUREMENT = fr_FR.UTF-8
# environment
LC_ALL = C
# makefile (from 'Makefile', line 23)
HEADER = ./includes/
# environment
GJS_DEBUG_TOPICS = JS ERROR;JS LOG
# automatic
^F = $(notdir $^)
# default
SUFFIXES := 
# environment
CHROME_DESKTOP = code-url-handler.desktop
# environment
WINDOWPATH = 2
# default
.INCLUDE_DIRS = /usr/include /usr/local/include /usr/include
# environment
LC_IDENTIFICATION = fr_FR.UTF-8
# default
.RECIPEPREFIX := 
# environment
LC_ADDRESS = fr_FR.UTF-8
# environment
LANG = C
# environment
VSCODE_PID = 2780
# variable set hash-table stats:
# Load=116/1024=11%, Rehash=0, Collisions=19/146=13%

# Pattern-specific Variable Values

# No pattern-specific variable values.

# Directories

# . (device 2050, inode 14683888): 16 files, no impossibilities.

# 16 files, no impossibilities in 1 directories.

# Implicit Rules

# No implicit rules.

# Files

all: so_long
#  Phony target (prerequisite of .PHONY).
#  Command line target.
#  Implicit rule search has not been done.
#  File does not exist.
#  File has not been updated.

.PHONY: all clean fclean re
#  Implicit rule search has not been done.
#  Modification time never checked.
#  File has not been updated.

# Not a target:
libft/:
#  Implicit rule search has not been done.
#  Modification time never checked.
#  File has not been updated.

# Not a target:
Makefile:
#  Implicit rule search has been done.
#  Last modified 2022-06-03 15:28:04.805137408
#  File has been updated.
#  Successfully updated.

.c.o:
#  Implicit rule search has not been done.
#  Modification time never checked.
#  File has not been updated.
#  recipe to execute (from 'Makefile', line 40):
	$(CC) $(CFLAGS) -I$(HEADER) -I$(LIBFT) $(LIB) -c $< -o $(<:.c=.o)

fclean: clean
#  Phony target (prerequisite of .PHONY).
#  Implicit rule search has not been done.
#  File does not exist.
#  File has not been updated.
#  recipe to execute (from 'Makefile', line 57):
		$(MAKE) fclean -C $(LIBFT)
		$(RM) $(NAME)

# Not a target:
srcs/actions.o:
#  Implicit rule search has been done.
#  File does not exist.
#  File has not been updated.

# Not a target:
.DEFAULT:
#  Implicit rule search has not been done.
#  Modification time never checked.
#  File has not been updated.

# Not a target:
srcs/error_message.o:
#  Implicit rule search has been done.
#  Last modified 2022-06-03 15:28:07.661068417
#  File has been updated.
#  Successfully updated.

re: fclean all
#  Phony target (prerequisite of .PHONY).
#  Implicit rule search has not been done.
#  File does not exist.
#  File has not been updated.

clean:
#  Phony target (prerequisite of .PHONY).
#  Implicit rule search has not been done.
#  File does not exist.
#  File has not been updated.
#  recipe to execute (from 'Makefile', line 52):
		$(MAKE) clean -C $(LIBFT)
		$(MAKE) clean -C $(MLX_LINUX)
		$(RM) $(OBJS)

# Not a target:
srcs/key_hook.o:
#  Implicit rule search has been done.
#  Last modified 2022-06-03 15:28:07.541071315
#  File has been updated.
#  Successfully updated.

# Not a target:
main.o:
#  Implicit rule search has been done.
#  Last modified 2022-06-03 15:28:07.357075759
#  File has been updated.
#  Successfully updated.

so_long: main.o create_trgb.o srcs/key_hook.o srcs/error_message.o srcs/actions.o libft/
#  Implicit rule search has not been done.
#  File does not exist.
#  File has not been updated.
#  recipe to execute (from 'Makefile', line 43):
			@make -C $(MLX_LINUX)
			@make -C $(LIBFT)
			ar rcs $(LIBFT_A) $(OBJS)
			ranlib $(LIBFT_A)
			$(CC) $(CFLAGS) $(OBJS) $(LIB_LINUX) $(LIBFT_A) -o $(NAME)

# Not a target:
create_trgb.o:
#  Implicit rule search has been done.
#  Last modified 2022-06-03 15:28:07.4050746
#  File has been updated.
#  Successfully updated.

# files hash-table stats:
# Load=16/1024=2%, Rehash=0, Collisions=0/41=0%
# VPATH Search Paths

# No 'vpath' search paths.

# No general ('VPATH' variable) search path.
 

# strcache buffers: 1 (0) / strings = 31 / storage = 271 B / avg = 8 B
# current buf: size = 8162 B / used = 271 B / count = 31 / avg = 8 B

# strcache performance: lookups = 53 / hit rate = 41%
# hash-table stats:
# Load=31/8192=0%, Rehash=0, Collisions=1/53=2%
# Finished Make data base on Fri Jun  3 15:28:56 2022

 
